+ pwd
/nfs/galaxy/unixhome/eschnetter/src/c
+ echo SLURM_JOB_ID=1925
SLURM_JOB_ID=1925
+ date
Mon Nov 12 11:39:16 EST 2018
+ module load intel/mpi
++ /usr/bin/tclsh /cm/local/apps/environment-modules/4.0.0/libexec/modulecmd.tcl bash load intel/mpi
+ eval
+ mpirun ./hello-mpi
Hello, World! rank=0 size=160
Hello, World! rank=1 size=160
Hello, World! rank=2 size=160
Hello, World! rank=3 size=160
Hello, World! rank=4 size=160
Hello, World! rank=5 size=160
Hello, World! rank=6 size=160
Hello, World! rank=7 size=160
Hello, World! rank=8 size=160
Hello, World! rank=9 size=160
Hello, World! rank=10 size=160
Hello, World! rank=11 size=160
Hello, World! rank=12 size=160
Hello, World! rank=13 size=160
Hello, World! rank=14 size=160
Hello, World! rank=15 size=160
Hello, World! rank=16 size=160
Hello, World! rank=17 size=160
Hello, World! rank=18 size=160
Hello, World! rank=19 size=160
Hello, World! rank=20 size=160
Hello, World! rank=21 size=160
Hello, World! rank=22 size=160
Hello, World! rank=23 size=160
Hello, World! rank=24 size=160
Hello, World! rank=25 size=160
Hello, World! rank=26 size=160
Hello, World! rank=27 size=160
Hello, World! rank=28 size=160
Hello, World! rank=29 size=160
Hello, World! rank=30 size=160
Hello, World! rank=31 size=160
Hello, World! rank=32 size=160
Hello, World! rank=33 size=160
Hello, World! rank=34 size=160
Hello, World! rank=35 size=160
Hello, World! rank=36 size=160
Hello, World! rank=37 size=160
Hello, World! rank=38 size=160
Hello, World! rank=39 size=160
Hello, World! rank=40 size=160
Hello, World! rank=41 size=160
Hello, World! rank=42 size=160
Hello, World! rank=43 size=160
Hello, World! rank=44 size=160
Hello, World! rank=45 size=160
Hello, World! rank=46 size=160
Hello, World! rank=47 size=160
Hello, World! rank=48 size=160
Hello, World! rank=49 size=160
Hello, World! rank=50 size=160
Hello, World! rank=51 size=160
Hello, World! rank=52 size=160
Hello, World! rank=53 size=160
Hello, World! rank=54 size=160
Hello, World! rank=55 size=160
Hello, World! rank=56 size=160
Hello, World! rank=57 size=160
Hello, World! rank=58 size=160
Hello, World! rank=59 size=160
Hello, World! rank=60 size=160
Hello, World! rank=61 size=160
Hello, World! rank=62 size=160
Hello, World! rank=63 size=160
Hello, World! rank=64 size=160
Hello, World! rank=65 size=160
Hello, World! rank=66 size=160
Hello, World! rank=67 size=160
Hello, World! rank=68 size=160
Hello, World! rank=69 size=160
Hello, World! rank=70 size=160
Hello, World! rank=71 size=160
Hello, World! rank=72 size=160
Hello, World! rank=73 size=160
Hello, World! rank=74 size=160
Hello, World! rank=75 size=160
Hello, World! rank=76 size=160
Hello, World! rank=77 size=160
Hello, World! rank=78 size=160
Hello, World! rank=79 size=160
Hello, World! rank=80 size=160
Hello, World! rank=81 size=160
Hello, World! rank=82 size=160
Hello, World! rank=83 size=160
Hello, World! rank=84 size=160
Hello, World! rank=85 size=160
Hello, World! rank=86 size=160
Hello, World! rank=87 size=160
Hello, World! rank=88 size=160
Hello, World! rank=89 size=160
Hello, World! rank=90 size=160
Hello, World! rank=91 size=160
Hello, World! rank=92 size=160
Hello, World! rank=93 size=160
Hello, World! rank=94 size=160
Hello, World! rank=95 size=160
Hello, World! rank=96 size=160
Hello, World! rank=97 size=160
Hello, World! rank=98 size=160
Hello, World! rank=99 size=160
Hello, World! rank=100 size=160
Hello, World! rank=101 size=160
Hello, World! rank=102 size=160
Hello, World! rank=103 size=160
Hello, World! rank=104 size=160
Hello, World! rank=105 size=160
Hello, World! rank=106 size=160
Hello, World! rank=107 size=160
Hello, World! rank=108 size=160
Hello, World! rank=109 size=160
Hello, World! rank=110 size=160
Hello, World! rank=111 size=160
Hello, World! rank=112 size=160
Hello, World! rank=113 size=160
Hello, World! rank=114 size=160
Hello, World! rank=115 size=160
Hello, World! rank=116 size=160
Hello, World! rank=117 size=160
Hello, World! rank=118 size=160
Hello, World! rank=119 size=160
Hello, World! rank=120 size=160
Hello, World! rank=121 size=160
Hello, World! rank=122 size=160
Hello, World! rank=123 size=160
Hello, World! rank=124 size=160
Hello, World! rank=125 size=160
Hello, World! rank=126 size=160
Hello, World! rank=127 size=160
Hello, World! rank=128 size=160
Hello, World! rank=129 size=160
Hello, World! rank=130 size=160
Hello, World! rank=131 size=160
Hello, World! rank=132 size=160
Hello, World! rank=133 size=160
Hello, World! rank=134 size=160
Hello, World! rank=135 size=160
Hello, World! rank=136 size=160
Hello, World! rank=137 size=160
Hello, World! rank=138 size=160
Hello, World! rank=139 size=160
Hello, World! rank=140 size=160
Hello, World! rank=141 size=160
Hello, World! rank=142 size=160
Hello, World! rank=143 size=160
Hello, World! rank=144 size=160
Hello, World! rank=145 size=160
Hello, World! rank=146 size=160
Hello, World! rank=147 size=160
Hello, World! rank=148 size=160
Hello, World! rank=149 size=160
Hello, World! rank=150 size=160
Hello, World! rank=151 size=160
Hello, World! rank=152 size=160
Hello, World! rank=153 size=160
Hello, World! rank=154 size=160
Hello, World! rank=155 size=160
Hello, World! rank=156 size=160
Hello, World! rank=157 size=160
Hello, World! rank=158 size=160
Hello, World! rank=159 size=160
+ date
Mon Nov 12 11:39:17 EST 2018
