+ pwd
/nfs/galaxy/unixhome/eschnetter/src/c
+ echo SLURM_JOB_ID=1999
SLURM_JOB_ID=1999
+ date
Mon Nov 12 16:54:19 EST 2018
+ env OMP_NUM_THREADS=40 ./hello-openmp
Hello, World! thread_num=0 num_threads=40
Hello, World! thread_num=1 num_threads=40
Hello, World! thread_num=2 num_threads=40
Hello, World! thread_num=3 num_threads=40
Hello, World! thread_num=4 num_threads=40
Hello, World! thread_num=5 num_threads=40
Hello, World! thread_num=6 num_threads=40
Hello, World! thread_num=7 num_threads=40
Hello, World! thread_num=8 num_threads=40
Hello, World! thread_num=9 num_threads=40
Hello, World! thread_num=10 num_threads=40
Hello, World! thread_num=11 num_threads=40
Hello, World! thread_num=12 num_threads=40
Hello, World! thread_num=13 num_threads=40
Hello, World! thread_num=14 num_threads=40
Hello, World! thread_num=15 num_threads=40
Hello, World! thread_num=16 num_threads=40
Hello, World! thread_num=17 num_threads=40
Hello, World! thread_num=18 num_threads=40
Hello, World! thread_num=19 num_threads=40
Hello, World! thread_num=20 num_threads=40
Hello, World! thread_num=21 num_threads=40
Hello, World! thread_num=22 num_threads=40
Hello, World! thread_num=23 num_threads=40
Hello, World! thread_num=24 num_threads=40
Hello, World! thread_num=25 num_threads=40
Hello, World! thread_num=26 num_threads=40
Hello, World! thread_num=27 num_threads=40
Hello, World! thread_num=28 num_threads=40
Hello, World! thread_num=29 num_threads=40
Hello, World! thread_num=30 num_threads=40
Hello, World! thread_num=31 num_threads=40
Hello, World! thread_num=32 num_threads=40
Hello, World! thread_num=33 num_threads=40
Hello, World! thread_num=34 num_threads=40
Hello, World! thread_num=35 num_threads=40
Hello, World! thread_num=36 num_threads=40
Hello, World! thread_num=37 num_threads=40
Hello, World! thread_num=38 num_threads=40
Hello, World! thread_num=39 num_threads=40
+ date
Mon Nov 12 16:54:19 EST 2018
