+ pwd
/nfs/galaxy/unixhome/eschnetter/src/c
+ echo SLURM_JOB_ID=1979
SLURM_JOB_ID=1979
+ date
Mon Nov 12 13:34:07 EST 2018
+ seq 200
+ xargs -P 40 -n 1 -I '{}' math -noprompt -script mathematica-onetask.m '{}'
Handling a complex expression with n: 11
Handling a complex expression with n: 28
Handling a complex expression with n: 2
Handling a complex expression with n: 25
Handling a complex expression with n: 6
Handling a complex expression with n: 9
Handling a complex expression with n: 17
Handling a complex expression with n: 12
Handling a complex expression with n: 33
Handling a complex expression with n: 34
Handling a complex expression with n: 31
Handling a complex expression with n: 7
Handling a complex expression with n: 1
Handling a complex expression with n: 15
Handling a complex expression with n: 3
Handling a complex expression with n: 39
Handling a complex expression with n: 21
Handling a complex expression with n: 20
Handling a complex expression with n: 37
Handling a complex expression with n: 14
Handling a complex expression with n: 19
Handling a complex expression with n: 35
Handling a complex expression with n: 4
Handling a complex expression with n: 5
Handling a complex expression with n: 13
Handling a complex expression with n: 30
Handling a complex expression with n: 26
Handling a complex expression with n: 36
Handling a complex expression with n: 27
Handling a complex expression with n: 10
Handling a complex expression with n: 40
Handling a complex expression with n: 29
Handling a complex expression with n: 16
Handling a complex expression with n: 24
Handling a complex expression with n: 8
Handling a complex expression with n: 18
Handling a complex expression with n: 38
Handling a complex expression with n: 23
Handling a complex expression with n: 32
Handling a complex expression with n: 22
Handling a complex expression with n: 42
Handling a complex expression with n: 41
Handling a complex expression with n: 44
Handling a complex expression with n: 47
Handling a complex expression with n: 45
Handling a complex expression with n: 46
Handling a complex expression with n: 54
Handling a complex expression with n: 48
Handling a complex expression with n: 43
Handling a complex expression with n: 55
Handling a complex expression with n: 49
Handling a complex expression with n: 51
Handling a complex expression with n: 64
Handling a complex expression with n: 65
Handling a complex expression with n: 56
Handling a complex expression with n: 53
Handling a complex expression with n: 66
Handling a complex expression with n: 50
Handling a complex expression with n: 69
Handling a complex expression with n: 67
Handling a complex expression with n: 68
Handling a complex expression with n: 63
Handling a complex expression with n: 71
Handling a complex expression with n: 61
Handling a complex expression with n: 72
Handling a complex expression with n: 75
Handling a complex expression with n: 62
Handling a complex expression with n: 74
Handling a complex expression with n: 76
Handling a complex expression with n: 57
Handling a complex expression with n: 60
Handling a complex expression with n: 59
Handling a complex expression with n: 70
Handling a complex expression with n: 73
Handling a complex expression with n: 77
Handling a complex expression with n: 52
Handling a complex expression with n: 58
Handling a complex expression with n: 79
Handling a complex expression with n: 78
Handling a complex expression with n: 80
Handling a complex expression with n: 81
Handling a complex expression with n: 82
Handling a complex expression with n: 83
Handling a complex expression with n: 85
Handling a complex expression with n: 86
Handling a complex expression with n: 92
Handling a complex expression with n: 84
Handling a complex expression with n: 88
Handling a complex expression with n: 90
Handling a complex expression with n: 91
Handling a complex expression with n: 87
Handling a complex expression with n: 93
Handling a complex expression with n: 89
Handling a complex expression with n: 100
Handling a complex expression with n: 106
Handling a complex expression with n: 102
Handling a complex expression with n: 104
Handling a complex expression with n: 110
Handling a complex expression with n: 96
Handling a complex expression with n: 108
Handling a complex expression with n: 105
Handling a complex expression with n: 94
Handling a complex expression with n: 113
Handling a complex expression with n: 99
Handling a complex expression with n: 112
Handling a complex expression with n: 95
Handling a complex expression with n: 101
Handling a complex expression with n: 98
Handling a complex expression with n: 116
Handling a complex expression with n: 111
Handling a complex expression with n: 107
Handling a complex expression with n: 115
Handling a complex expression with n: 114
Handling a complex expression with n: 109
Handling a complex expression with n: 97
Handling a complex expression with n: 117
Handling a complex expression with n: 103
Handling a complex expression with n: 118
Handling a complex expression with n: 120
Handling a complex expression with n: 119
Handling a complex expression with n: 121
Handling a complex expression with n: 122
Handling a complex expression with n: 124
Handling a complex expression with n: 123
Handling a complex expression with n: 126
Handling a complex expression with n: 130
Handling a complex expression with n: 128
Handling a complex expression with n: 127Handling a complex expression with n: 129

Handling a complex expression with n: 125
Handling a complex expression with n: 133
Handling a complex expression with n: 132
Handling a complex expression with n: 131
Handling a complex expression with n: 142
Handling a complex expression with n: 134
Handling a complex expression with n: 138
Handling a complex expression with n: 135
Handling a complex expression with n: 136
Handling a complex expression with n: 141
Handling a complex expression with n: 143
Handling a complex expression with n: 140
Handling a complex expression with n: 139
Handling a complex expression with n: 144
Handling a complex expression with n: 137
Handling a complex expression with n: 146
Handling a complex expression with n: 145
Handling a complex expression with n: 147
Handling a complex expression with n: 148
Handling a complex expression with n: 149
Handling a complex expression with n: 152
Handling a complex expression with n: 150
Handling a complex expression with n: 151
Handling a complex expression with n: 153
Handling a complex expression with n: 155
Handling a complex expression with n: 154
Handling a complex expression with n: 156
Handling a complex expression with n: 157
Handling a complex expression with n: 159
Handling a complex expression with n: 158
Handling a complex expression with n: 160
Handling a complex expression with n: 161
Handling a complex expression with n: 162
Handling a complex expression with n: 163
Handling a complex expression with n: 164
Handling a complex expression with n: 165
Handling a complex expression with n: 166
Handling a complex expression with n: 167
Handling a complex expression with n: 168
Handling a complex expression with n: 169
Handling a complex expression with n: 170
Handling a complex expression with n: 171
Handling a complex expression with n: 173
Handling a complex expression with n: 174
Handling a complex expression with n: 172
Handling a complex expression with n: 179
Handling a complex expression with n: 182
Handling a complex expression with n: 178
Handling a complex expression with n: 181
Handling a complex expression with n: 175
Handling a complex expression with n: 176
Handling a complex expression with n: 183
Handling a complex expression with n: 180
Handling a complex expression with n: 177
Handling a complex expression with n: 184
Handling a complex expression with n: 185
Handling a complex expression with n: 188
Handling a complex expression with n: 187
Handling a complex expression with n: 186
Handling a complex expression with n: 189
Handling a complex expression with n: 191
Handling a complex expression with n: 192
Handling a complex expression with n: 190
Handling a complex expression with n: 193
Handling a complex expression with n: 196
Handling a complex expression with n: 197
Handling a complex expression with n: 195
Handling a complex expression with n: 194
Handling a complex expression with n: 198
Handling a complex expression with n: 199
Handling a complex expression with n: 200
+ date
Mon Nov 12 13:34:39 EST 2018
